<?xml version="1.0" encoding="UTF-8"?>
<!-- Generated by org.testng.reporters.JUnitReportReporter -->
<testsuite hostname="DESKTOP-VRBAL0D" failures="0" tests="2" name="com.lti.testcases.LoginPageTest" time="23.712" errors="0" timestamp="2023-02-11T17:38:40 IST" skipped="0">
  <testcase classname="com.lti.testcases.LoginPageTest" name="validateLoginTest" time="12.732"/>
  <system-out/>
  <testcase classname="com.lti.testcases.LoginPageTest" name="validateTitleTest" time="10.980"/>
  <system-out/>
</testsuite> <!-- com.lti.testcases.LoginPageTest -->
